# JRE version: Java(TM) SE Runtime Environment (8.0_191-b12) (build 1.8.0_191-b12)
# Java VM: Java HotSpot(TM) 64-Bit Server VM (25.191-b12 mixed mode windows-amd64 compressed oops)
Heap:
 PSYoungGen      total 146432K, used 145188K [0x000000076bb80000, 0x000000077a400000, 0x00000007c0000000)
  eden space 130048K, 99% used [0x000000076bb80000,0x000000077394bb00,0x0000000773a80000)
  from space 16384K, 99% used [0x0000000773a80000,0x0000000774a7d538,0x0000000774a80000)
  to   space 26112K, 0% used [0x0000000778a80000,0x0000000778a80000,0x000000077a400000)
 ParOldGen       total 125952K, used 37206K [0x00000006c3200000, 0x00000006cad00000, 0x000000076bb80000)
  object space 125952K, 29% used [0x00000006c3200000,0x00000006c56559b8,0x00000006cad00000)
 Metaspace       used 25522K, capacity 26252K, committed 26416K, reserved 1073152K
  class space    used 2881K, capacity 3046K, committed 3120K, reserved 1048576K
GC Heap History (10 events):
Event: 3.239 GC heap before
{Heap before GC invocations=4 (full 0):
 PSYoungGen      total 75776K, used 75752K [0x000000076bb80000, 0x0000000771000000, 0x00000007c0000000)
  eden space 65024K, 100% used [0x000000076bb80000,0x000000076fb00000,0x000000076fb00000)
  from space 10752K, 99% used [0x000000076fb00000,0x000000077057a020,0x0000000770580000)
  to   space 10752K, 0% used [0x0000000770580000,0x0000000770580000,0x0000000771000000)
 ParOldGen       total 173568K, used 5340K [0x00000006c3200000, 0x00000006cdb80000, 0x000000076bb80000)
  object space 173568K, 3% used [0x00000006c3200000,0x00000006c37372d0,0x00000006cdb80000)
 Metaspace       used 16349K, capacity 16668K, committed 16896K, reserved 1064960K
  class space    used 1886K, capacity 1988K, committed 2048K, reserved 1048576K
Event: 3.253 GC heap after
Heap after GC invocations=4 (full 0):
 PSYoungGen      total 75776K, used 10744K [0x000000076bb80000, 0x0000000774f80000, 0x00000007c0000000)
  eden space 65024K, 0% used [0x000000076bb80000,0x000000076bb80000,0x000000076fb00000)
  from space 10752K, 99% used [0x0000000770580000,0x0000000770ffe050,0x0000000771000000)
  to   space 10752K, 0% used [0x000000076fb00000,0x000000076fb00000,0x0000000770580000)
 ParOldGen       total 173568K, used 9909K [0x00000006c3200000, 0x00000006cdb80000, 0x000000076bb80000)
  object space 173568K, 5% used [0x00000006c3200000,0x00000006c3bad558,0x00000006cdb80000)
 Metaspace       used 16349K, capacity 16668K, committed 16896K, reserved 1064960K
  class space    used 1886K, capacity 1988K, committed 2048K, reserved 1048576K
}
Event: 3.569 GC heap before
{Heap before GC invocations=5 (full 0):
 PSYoungGen      total 75776K, used 75768K [0x000000076bb80000, 0x0000000774f80000, 0x00000007c0000000)
  eden space 65024K, 100% used [0x000000076bb80000,0x000000076fb00000,0x000000076fb00000)
  from space 10752K, 99% used [0x0000000770580000,0x0000000770ffe050,0x0000000771000000)
  to   space 10752K, 0% used [0x000000076fb00000,0x000000076fb00000,0x0000000770580000)
 ParOldGen       total 173568K, used 9909K [0x00000006c3200000, 0x00000006cdb80000, 0x000000076bb80000)
  object space 173568K, 5% used [0x00000006c3200000,0x00000006c3bad558,0x00000006cdb80000)
 Metaspace       used 17605K, capacity 18068K, committed 18304K, reserved 1064960K
  class space    used 2025K, capacity 2156K, committed 2176K, reserved 1048576K
Event: 3.581 GC heap after
Heap after GC invocations=5 (full 0):
 PSYoungGen      total 75776K, used 10744K [0x000000076bb80000, 0x0000000775b80000, 0x00000007c0000000)
  eden space 65024K, 0% used [0x000000076bb80000,0x000000076bb80000,0x000000076fb00000)
  from space 10752K, 99% used [0x000000076fb00000,0x000000077057e030,0x0000000770580000)
  to   space 16896K, 0% used [0x0000000774b00000,0x0000000774b00000,0x0000000775b80000)
 ParOldGen       total 173568K, used 11828K [0x00000006c3200000, 0x00000006cdb80000, 0x000000076bb80000)
  object space 173568K, 6% used [0x00000006c3200000,0x00000006c3d8d3a8,0x00000006cdb80000)
 Metaspace       used 17605K, capacity 18068K, committed 18304K, reserved 1064960K
  class space    used 2025K, capacity 2156K, committed 2176K, reserved 1048576K
}
Event: 4.259 GC heap before
{Heap before GC invocations=6 (full 0):
 PSYoungGen      total 75776K, used 30139K [0x000000076bb80000, 0x0000000775b80000, 0x00000007c0000000)
  eden space 65024K, 29% used [0x000000076bb80000,0x000000076ce70c90,0x000000076fb00000)
  from space 10752K, 99% used [0x000000076fb00000,0x000000077057e030,0x0000000770580000)
  to   space 16896K, 0% used [0x0000000774b00000,0x0000000774b00000,0x0000000775b80000)
 ParOldGen       total 173568K, used 11828K [0x00000006c3200000, 0x00000006cdb80000, 0x000000076bb80000)
  object space 173568K, 6% used [0x00000006c3200000,0x00000006c3d8d3a8,0x00000006cdb80000)
 Metaspace       used 20728K, capacity 21268K, committed 21296K, reserved 1069056K
  class space    used 2442K, capacity 2588K, committed 2608K, reserved 1048576K
Event: 4.280 GC heap after
Heap after GC invocations=6 (full 0):
 PSYoungGen      total 145920K, used 12438K [0x000000076bb80000, 0x0000000775a80000, 0x00000007c0000000)
  eden space 130048K, 0% used [0x000000076bb80000,0x000000076bb80000,0x0000000773a80000)
  from space 15872K, 78% used [0x0000000774b00000,0x0000000775725aa8,0x0000000775a80000)
  to   space 16384K, 0% used [0x0000000773a80000,0x0000000773a80000,0x0000000774a80000)
 ParOldGen       total 173568K, used 11836K [0x00000006c3200000, 0x00000006cdb80000, 0x000000076bb80000)
  object space 173568K, 6% used [0x00000006c3200000,0x00000006c3d8f3a8,0x00000006cdb80000)
 Metaspace       used 20728K, capacity 21268K, committed 21296K, reserved 1069056K
  class space    used 2442K, capacity 2588K, committed 2608K, reserved 1048576K
}
Event: 4.280 GC heap before
{Heap before GC invocations=7 (full 1):
 PSYoungGen      total 145920K, used 12438K [0x000000076bb80000, 0x0000000775a80000, 0x00000007c0000000)
  eden space 130048K, 0% used [0x000000076bb80000,0x000000076bb80000,0x0000000773a80000)
  from space 15872K, 78% used [0x0000000774b00000,0x0000000775725aa8,0x0000000775a80000)
  to   space 16384K, 0% used [0x0000000773a80000,0x0000000773a80000,0x0000000774a80000)
 ParOldGen       total 173568K, used 11836K [0x00000006c3200000, 0x00000006cdb80000, 0x000000076bb80000)
  object space 173568K, 6% used [0x00000006c3200000,0x00000006c3d8f3a8,0x00000006cdb80000)
 Metaspace       used 20728K, capacity 21268K, committed 21296K, reserved 1069056K
  class space    used 2442K, capacity 2588K, committed 2608K, reserved 1048576K
Event: 4.373 GC heap after
Heap after GC invocations=7 (full 1):
 PSYoungGen      total 145920K, used 0K [0x000000076bb80000, 0x0000000775a80000, 0x00000007c0000000)
  eden space 130048K, 0% used [0x000000076bb80000,0x000000076bb80000,0x0000000773a80000)
  from space 15872K, 0% used [0x0000000774b00000,0x0000000774b00000,0x0000000775a80000)
  to   space 16384K, 0% used [0x0000000773a80000,0x0000000773a80000,0x0000000774a80000)
 ParOldGen       total 125952K, used 20177K [0x00000006c3200000, 0x00000006cad00000, 0x000000076bb80000)
  object space 125952K, 16% used [0x00000006c3200000,0x00000006c45b4560,0x00000006cad00000)
 Metaspace       used 20728K, capacity 21268K, committed 21296K, reserved 1069056K
  class space    used 2442K, capacity 2588K, committed 2608K, reserved 1048576K
}
Event: 6.365 GC heap before
{Heap before GC invocations=8 (full 1):
 PSYoungGen      total 145920K, used 130048K [0x000000076bb80000, 0x0000000775a80000, 0x00000007c0000000)
  eden space 130048K, 100% used [0x000000076bb80000,0x0000000773a80000,0x0000000773a80000)
  from space 15872K, 0% used [0x0000000774b00000,0x0000000774b00000,0x0000000775a80000)
  to   space 16384K, 0% used [0x0000000773a80000,0x0000000773a80000,0x0000000774a80000)
 ParOldGen       total 125952K, used 20177K [0x00000006c3200000, 0x00000006cad00000, 0x000000076bb80000)
  object space 125952K, 16% used [0x00000006c3200000,0x00000006c45b4560,0x00000006cad00000)
 Metaspace       used 23588K, capacity 24174K, committed 24368K, reserved 1071104K
  class space    used 2664K, capacity 2786K, committed 2864K, reserved 1048576K
Event: 6.379 GC heap after
Heap after GC invocations=8 (full 1):
 PSYoungGen      total 146432K, used 16373K [0x000000076bb80000, 0x000000077a400000, 0x00000007c0000000)
  eden space 130048K, 0% used [0x000000076bb80000,0x000000076bb80000,0x0000000773a80000)
  from space 16384K, 99% used [0x0000000773a80000,0x0000000774a7d538,0x0000000774a80000)
  to   space 26112K, 0% used [0x0000000778a80000,0x0000000778a80000,0x000000077a400000)
 ParOldGen       total 125952K, used 37206K [0x00000006c3200000, 0x00000006cad00000, 0x000000076bb80000)
  object space 125952K, 29% used [0x00000006c3200000,0x00000006c56559b8,0x00000006cad00000)
 Metaspace       used 23588K, capacity 24174K, committed 24368K, reserved 1071104K
  class space    used 2664K, capacity 2786K, committed 2864K, reserved 1048576K
}

